[2024/01/15 22:51:23] debug: step0
[2024/01/15 22:51:23] info: getFilteredResources -> resources.json
[2024/01/15 22:56:11] debug: step0
[2024/01/15 22:56:11] info: getFilteredResources -> resources.json
[2024/01/15 23:02:35] debug: step0
[2024/01/15 23:02:35] info: getFilteredResources -> resources.json
[2024/01/15 23:02:41] debug: step0
[2024/01/15 23:02:41] info: getFilteredResources -> resources.json
[2024/01/15 23:02:50] debug: step0
[2024/01/15 23:02:50] info: getFilteredResources -> resources.json
[2024/01/15 23:03:29] debug: step0
[2024/01/15 23:03:29] info: getFilteredResources -> resources.json
[2024/01/15 23:03:30] debug: step0
[2024/01/15 23:03:30] info: getFilteredResources -> resources.json
[2024/01/15 23:04:59] debug: step0
[2024/01/15 23:04:59] info: getFilteredResources -> resources.json
[2024/01/15 23:08:06] debug: step1
[2024/01/15 23:08:06] info: getFilteredResources -> resources.json
[2024/01/15 23:08:10] debug: step1
[2024/01/15 23:08:10] info: getFilteredResources -> resources.json
[2024/01/15 23:08:44] debug: step0
[2024/01/15 23:08:44] info: getFilteredResources -> resources.json
[2024/01/15 23:09:14] debug: step0
[2024/01/15 23:09:14] info: getFilteredResources -> resources.json
[2024/01/15 23:09:36] debug: step0
[2024/01/15 23:09:36] info: getFilteredResources -> resources.json
[2024/01/16 16:24:01] debug: step0
[2024/01/16 16:24:01] info: getFilteredResources -> resources.json
[2024/01/16 16:24:01] debug: step1
[2024/01/16 16:24:01] debug: step2
[2024/01/16 16:24:01] debug: step3
[2024/01/16 16:24:01] debug: step4
[2024/01/16 16:24:01] debug: resources -> undefined
[2024/01/16 16:24:02] debug: step0
[2024/01/16 16:24:02] info: getFilteredResources -> resources.json
[2024/01/16 16:24:03] debug: step1
[2024/01/16 16:24:03] debug: step2
[2024/01/16 16:24:03] debug: step3
[2024/01/16 16:24:03] debug: step4
[2024/01/16 16:24:03] debug: resources -> undefined
[2024/01/16 16:38:35] debug: step0
[2024/01/16 16:38:35] info: getFilteredResources -> resources.json
[2024/01/16 16:38:35] debug: step1
[2024/01/16 16:38:35] debug: step2
[2024/01/16 16:38:35] debug: step4
[2024/01/16 16:38:35] debug: resources -> [object Object]
[2024/01/16 16:38:35] debug: step45
[2024/01/16 16:38:39] debug: step0
[2024/01/16 16:38:39] info: getFilteredResources -> resources.json
[2024/01/16 16:38:39] debug: step1
[2024/01/16 16:38:39] debug: step2
[2024/01/16 16:38:39] debug: step4
[2024/01/16 16:38:39] debug: resources -> [object Object]
[2024/01/16 16:38:39] debug: step45
[2024/01/16 16:42:15] debug: step0
[2024/01/16 16:42:15] info: getFilteredResources -> resources.json
[2024/01/16 16:42:15] debug: step1
[2024/01/16 16:42:15] debug: step2
[2024/01/16 16:42:15] debug: step4
[2024/01/16 16:42:15] debug: resources -> [object Object]
[2024/01/16 16:42:15] debug: step45
[2024/01/16 16:44:19] debug: step0
[2024/01/16 16:44:19] info: getFilteredResources -> resources.json
[2024/01/16 16:44:19] debug: step1
[2024/01/16 16:44:19] debug: step2
[2024/01/16 16:44:19] debug: step4
[2024/01/16 16:44:19] debug: resources -> [object Object]
[2024/01/16 16:44:19] debug: step45
[2024/01/16 16:48:41] info: getFilteredResources -> resources.json
[2024/01/16 16:48:53] info: getFilteredResources -> resources.json
[2024/01/16 16:48:54] info: getFilteredResources -> resources.json
[2024/01/16 16:49:48] info: getFilteredResources -> resources.json
[2024/01/16 16:49:49] info: getFilteredResources -> resources.json
[2024/01/16 16:50:00] info: getFilteredResources -> resources.json
[2024/01/16 18:01:46] info: getFilteredResources -> resources.json
[2024/01/16 18:01:46] info: getFilteredResources -> resources.json
[2024/01/16 18:05:50] info: getFilteredResources -> resources.json
[2024/01/16 18:05:50] info: getFilteredResources -> resources.json
[2024/01/16 18:07:16] info: getFilteredResources -> resources.json
[2024/01/16 18:07:16] info: getFilteredResources -> resources.json
[2024/01/16 18:07:27] info: getFilteredResources -> resources.json
[2024/01/16 18:07:27] info: getFilteredResources -> resources.json
[2024/01/16 18:07:46] info: getFilteredResources -> resources.json
[2024/01/16 18:07:46] info: getFilteredResources -> resources.json
[2024/01/16 18:08:08] info: getFilteredResources -> resources.json
[2024/01/16 18:08:08] info: getFilteredResources -> resources.json
[2024/01/16 18:08:31] info: getFilteredResources -> resources.json
[2024/01/16 18:08:31] info: getFilteredResources -> resources.json
[2024/01/16 18:08:32] info: getFilteredResources -> resources.json
[2024/01/16 18:08:32] info: getFilteredResources -> resources.json
[2024/01/16 18:08:51] info: getFilteredResources -> resources.json
[2024/01/16 18:08:51] info: getFilteredResources -> resources.json
[2024/01/16 18:09:34] info: getFilteredResources -> resources.json
[2024/01/16 18:09:34] info: getFilteredResources -> resources.json
[2024/01/16 18:11:02] info: getFilteredResources -> resources.json
[2024/01/16 18:11:02] info: getFilteredResources -> resources.json
[2024/01/16 18:11:22] info: getFilteredResources -> resources.json
[2024/01/16 18:11:22] info: getFilteredResources -> resources.json
[2024/01/16 18:13:30] info: getFilteredResources -> resources.json
[2024/01/16 18:13:30] info: getFilteredResources -> resources.json
[2024/01/16 18:24:05] info: getFilteredResources -> resources.json
[2024/01/16 18:24:05] info: getFilteredResources -> resources.json
[2024/01/16 21:20:55] info: getFilteredResources -> resources.json
[2024/01/16 21:20:55] info: getFilteredResources -> resources.json
[2024/01/16 21:29:31] info: getFilteredResources -> resources.json
[2024/01/16 21:30:09] info: getFilteredResources -> resources.json
[2024/01/17 11:12:35] info: getFilteredResources -> resources.json
[2024/01/17 11:12:35] info: getFilteredResources -> resources.json
[2024/01/17 12:11:56] info: getFile -> music.json
[2024/01/17 12:11:56] info: getFile -> music.json
[2024/01/17 13:18:36] info: getFile -> music.json
[2024/01/17 13:18:36] info: getFile -> music.json
[2024/01/18 12:20:11] info: getFile -> page51.txt
[2024/01/18 12:20:11] info: getFile -> page51.txt
[2024/01/18 14:17:50] info: getFile -> music.json
[2024/01/18 14:17:50] info: getFile -> music.json
[2024/01/18 14:17:54] info: getFile -> photos.json
[2024/01/18 14:17:54] info: getFile -> photos.json
[2024/01/18 14:18:02] info: getFile -> photos.json
[2024/01/18 14:18:02] info: getFile -> photos.json
[2024/01/18 14:18:10] info: getFile -> photos.json
[2024/01/18 14:18:10] info: getFile -> photos.json
[2024/01/18 14:18:11] info: getFilteredResources -> resources.json
[2024/01/18 14:18:11] info: getFilteredResources -> resources.json
[2024/01/18 14:18:24] info: getFilteredResources -> resources.json
[2024/01/18 14:18:24] info: getFilteredResources -> resources.json
[2024/01/18 14:18:30] info: getFile -> photos.json
[2024/01/18 14:18:30] info: getFile -> photos.json
[2024/01/18 14:18:31] info: getFile -> photos.json
[2024/01/18 14:18:31] info: getFile -> photos.json
[2024/01/18 14:18:31] info: getFile -> music.json
[2024/01/18 14:18:31] info: getFile -> music.json
[2024/01/18 14:23:39] info: getFile -> photos.json
[2024/01/18 14:23:39] info: getFile -> photos.json
[2024/01/18 19:09:20] info: getFile -> photos.json
[2024/01/18 19:09:20] info: getFile -> photos.json
[2024/01/18 20:16:14] info: getFile -> music.json
[2024/01/18 20:16:15] info: getFile -> music.json
[2024/01/18 20:16:19] info: getFilteredResources -> resources.json
[2024/01/18 20:16:19] info: getFilteredResources -> resources.json
[2024/01/18 22:29:43] info: getFile -> page1001.txt
[2024/01/18 22:29:43] info: getFile -> page1001.txt
[2024/01/18 22:35:34] info: getFile -> page1001.txt
[2024/01/18 22:35:34] info: getFile -> page1001.txt
[2024/01/18 22:38:39] info: getFile -> page1001.txt
[2024/01/18 22:38:39] info: getPageMeta -> pages.json
[2024/01/18 22:38:39] info: getFile -> page1001.txt
[2024/01/18 22:38:39] info: getPageMeta -> pages.json
[2024/01/18 22:40:11] info: getFile -> page1001.txt
[2024/01/18 22:40:11] info: getPageMeta -> pages.json
[2024/01/18 22:44:52] info: getFile -> page1001.txt
[2024/01/18 22:44:52] info: getPageMeta -> pages.json
[2024/01/18 22:44:52] info: getPageMeta -> pages.json
[2024/01/18 22:44:52] info: getFile -> page1001.txt
[2024/01/18 22:47:33] info: getFile -> page1001.txt
[2024/01/18 22:47:33] info: getPageMeta -> pages.json
[2024/01/18 22:47:33] info: getPageMeta -> pages.json
[2024/01/18 22:47:33] info: getFile -> page1001.txt
[2024/01/18 22:50:12] info: getFile -> page1001.txt
[2024/01/18 22:50:12] info: getPageMeta -> pages.json
[2024/01/18 22:50:12] info: getPageMeta -> pages.json
[2024/01/18 22:50:12] info: getFile -> page1001.txt
[2024/01/18 22:50:50] info: getFile -> page1001.txt
[2024/01/18 22:50:50] info: getPageMeta -> pages.json
[2024/01/18 22:50:50] info: getPageMeta -> pages.json
[2024/01/18 22:50:50] info: getFile -> page1001.txt
[2024/01/18 22:53:50] info: getFile -> page1001.txt
[2024/01/18 22:53:50] info: getPageMeta -> pages.json
[2024/01/18 22:53:50] info: getPageMeta -> pages.json
[2024/01/18 22:53:50] info: getFile -> page1001.txt
[2024/01/18 22:56:06] info: getFile -> page1001.txt
[2024/01/18 22:56:06] info: getPageMeta -> pages.json
[2024/01/18 22:56:06] info: getFile -> page1001.txt
[2024/01/18 22:56:06] info: getPageMeta -> pages.json
[2024/01/19 11:08:15] info: getFile -> page1001.txt
[2024/01/19 11:08:15] info: getPageMeta -> pages.json
[2024/01/19 11:08:15] info: getPageMeta -> pages.json
[2024/01/19 11:08:15] info: getFile -> page1001.txt
[2024/01/19 11:17:28] info: getFile -> page1001.txt
[2024/01/19 11:17:28] info: getPageMeta -> pages.json
[2024/01/19 11:17:28] info: getFile -> page1001.txt
[2024/01/19 11:17:28] info: getPageMeta -> pages.json
[2024/01/19 11:17:34] info: getFile -> page1001.txt
[2024/01/19 11:17:34] info: getPageMeta -> pages.json
[2024/01/19 11:17:34] info: getFile -> page1001.txt
[2024/01/19 11:17:34] info: getPageMeta -> pages.json
[2024/01/19 11:17:36] info: getFile -> page1001.txt
[2024/01/19 11:17:36] info: getPageMeta -> pages.json
[2024/01/19 11:17:36] info: getFile -> page1001.txt
[2024/01/19 11:17:36] info: getPageMeta -> pages.json
[2024/01/19 21:37:48] info: Service is listening on port 3005.
[2024/01/19 21:39:14] info: HERE
[2024/01/19 21:39:14] info: Service is listening on port 3005.
[2024/01/19 21:42:49] info: HERE
[2024/01/19 21:42:49] info: Service is listening on port 3005.
[2024/01/19 21:42:54] info: HERE1
[2024/01/19 21:42:54] info: getPageMeta -> pages.json
[2024/01/19 21:42:54] info: HERE1
[2024/01/19 21:42:54] info: getPageMeta -> pages.json
[2024/01/19 21:56:05] info: HERE
[2024/01/19 21:56:05] info: Service is listening on port 3005.
[2024/01/19 21:56:09] info: HERE1
[2024/01/19 21:56:09] info: getPageMeta -> pages.json
[2024/01/19 21:56:09] info: HERE1
[2024/01/19 21:56:09] info: getPageMeta -> pages.json
[2024/01/19 21:56:34] info: HERE1
[2024/01/19 21:56:34] info: getPageMeta -> pages.json
[2024/01/19 21:57:29] info: Service is listening on port 3005.
[2024/01/19 22:11:35] info: getPageMeta -> pages.json
[2024/01/19 22:11:35] info: getPageMeta -> pages.json
[2024/01/19 22:16:32] info: Service is listening on port 3005.
[2024/01/19 22:16:39] info: getPageMeta -> pages.json
[2024/01/19 22:16:39] info: getPageMeta -> pages.json
[2024/01/19 22:27:34] info: Service is listening on port 3005.
[2024/01/19 22:27:37] info: getPageMeta -> pages.json
[2024/01/19 22:27:37] info: getPageMeta -> pages.json
[2024/01/19 22:29:02] info: getPageMeta -> pages.json
[2024/01/19 22:29:02] info: getPageMeta -> pages.json
[2024/01/19 22:29:18] info: Service is listening on port 3005.
[2024/01/19 22:29:20] info: getPageMeta -> pages.json
[2024/01/19 22:29:20] info: getPageMeta -> pages.json
[2024/01/19 22:36:11] info: getPageMeta -> pages.json
[2024/01/19 22:36:11] info: getPageMeta -> pages.json
[2024/01/19 22:42:47] info: getPageMeta -> pages.json
[2024/01/19 22:42:47] info: getPageMeta -> pages.json
[2024/01/19 22:43:07] info: getPageMeta -> pages.json
[2024/01/19 22:43:07] info: getPageMeta -> pages.json
[2024/01/19 22:43:47] info: getPageMeta -> pages.json
[2024/01/19 22:43:47] info: getPageMeta -> pages.json
[2024/01/19 22:48:46] info: Service is listening on port 3005.
[2024/01/19 22:48:52] info: getPageMeta -> pages.json
[2024/01/19 22:48:52] info: getPageMeta -> pages.json
[2024/01/19 22:49:24] info: getPageMeta -> pages.json
[2024/01/19 22:49:43] info: getPageMeta -> pages.json
[2024/01/19 22:49:49] info: getPageMeta -> pages.json
[2024/01/20 12:35:25] info: getPageMeta -> pages.json
[2024/01/20 12:35:25] info: getPageMeta -> pages.json
[2024/01/20 16:52:18] info: getPageMeta -> pages.json
[2024/01/20 16:52:18] info: getPageMeta -> pages.json
[2024/01/20 17:34:45] info: getPageMeta -> pages.json
[2024/01/20 17:34:45] info: getPageMeta -> pages.json
[2024/01/20 17:37:09] info: getPageMeta -> pages.json
[2024/01/20 17:37:09] info: getPageMeta -> pages.json
[2024/01/20 17:41:46] info: getPageMeta -> pages.json
[2024/01/20 17:41:46] info: getPageMeta -> pages.json
[2024/01/20 17:42:13] info: getPageMeta -> pages.json
[2024/01/20 17:42:13] info: getPageMeta -> pages.json
[2024/01/20 17:42:49] info: getPageMeta -> pages.json
[2024/01/20 17:42:49] info: getPageMeta -> pages.json
[2024/01/20 17:42:50] info: getPageMeta -> pages.json
[2024/01/20 17:42:50] info: getPageMeta -> pages.json
[2024/01/20 17:43:07] info: Service is listening on port 3005.
[2024/01/20 17:43:10] info: getPageMeta -> pages.json
[2024/01/20 17:43:10] info: getPageMeta -> pages.json
[2024/01/20 17:43:17] info: getPageMeta -> pages.json
[2024/01/20 17:43:17] info: getPageMeta -> pages.json
[2024/01/20 17:46:06] info: getPageMeta -> pages.json
[2024/01/20 17:46:06] info: getPageMeta -> pages.json
[2024/01/20 21:38:21] info: getPageMeta -> pages.json
[2024/01/20 21:38:21] info: getPageMeta -> pages.json
[2024/01/20 21:41:51] info: getPageMeta -> pages.json
[2024/01/20 21:41:51] info: getPageMeta -> pages.json
[2024/01/20 21:42:04] info: Service is listening on port 3005.
[2024/01/20 21:42:08] info: getPageMeta -> pages.json
[2024/01/20 21:42:08] info: getPageMeta -> pages.json
[2024/01/20 21:42:19] info: getPageMeta -> pages.json
[2024/01/20 21:42:19] info: getPageMeta -> pages.json
[2024/01/20 21:44:55] info: getPageMeta -> pages.json
[2024/01/20 21:45:35] info: getPageMeta -> pages.json
[2024/01/20 21:45:43] info: getPageMeta -> pages.json
[2024/01/20 21:45:44] info: getPageMeta -> pages.json
[2024/01/20 21:45:45] info: getPageMeta -> pages.json
[2024/01/20 21:45:46] info: getPageMeta -> pages.json
[2024/01/20 21:45:47] info: getPageMeta -> pages.json
[2024/01/20 21:45:48] info: getPageMeta -> pages.json
[2024/01/20 21:45:51] info: getPageMeta -> pages.json
[2024/01/20 21:45:52] info: getPageMeta -> pages.json
[2024/01/20 22:04:25] info: getFilteredResources -> resources.json
[2024/01/20 22:04:25] info: getFilteredResources -> resources.json
[2024/01/20 22:04:51] info: getPageMeta -> pages.json
[2024/01/20 22:04:51] info: getPageMeta -> pages.json
[2024/01/20 22:10:13] info: getPageMeta -> pages.json
[2024/01/20 22:10:13] info: getPageMeta -> pages.json
[2024/01/20 22:11:16] info: getPageMeta -> pages.json
[2024/01/20 22:11:16] info: getPageMeta -> pages.json
[2024/01/20 22:11:21] info: getPageMeta -> pages.json
[2024/01/20 22:11:21] info: getPageMeta -> pages.json
[2024/01/20 22:12:08] info: getPageMeta -> pages.json
[2024/01/20 22:23:01] info: getPageMeta -> pages.json
[2024/01/20 22:23:02] info: getPageMeta -> pages.json
[2024/01/20 22:23:05] info: getPageMeta -> pages.json
[2024/01/20 22:23:05] info: getPageMeta -> pages.json
[2024/01/20 22:25:40] info: getPageMeta -> pages.json
[2024/01/21 12:03:30] info: getPageMeta -> pages.json
[2024/01/21 12:03:30] info: getPageMeta -> pages.json
[2024/01/21 13:52:41] info: getPageMeta -> pages.json
[2024/01/21 13:52:41] info: getPageMeta -> pages.json
[2024/01/21 19:42:50] info: getPageMeta -> pages.json
[2024/01/21 19:42:50] info: getPageMeta -> pages.json
[2024/01/21 19:47:50] info: getPageMeta -> pages.json
[2024/01/21 19:47:50] info: getPageMeta -> pages.json
[2024/01/21 21:13:47] info: getPageMeta -> pages.json
[2024/01/21 21:16:32] info: getPageMeta -> pages.json
[2024/01/21 21:16:32] info: getPageMeta -> pages.json
[2024/01/21 21:16:38] info: getPageMeta -> pages.json
[2024/01/21 21:16:48] info: getPageMeta -> pages.json
[2024/01/21 21:16:48] info: getPageMeta -> pages.json
[2024/01/21 21:16:50] info: getPageMeta -> pages.json
[2024/01/21 21:26:15] info: getPageMeta -> pages.json
[2024/01/21 21:26:15] info: getPageMeta -> pages.json
[2024/01/21 21:26:15] info: getPageMeta -> pages.json
[2024/01/21 21:26:15] info: getPageMeta -> pages.json
[2024/01/21 21:26:18] info: getPageMeta -> pages.json
[2024/01/21 21:26:18] info: getPageMeta -> pages.json
[2024/01/21 21:26:18] info: getPageMeta -> pages.json
[2024/01/21 21:26:18] info: getPageMeta -> pages.json
[2024/01/21 21:26:54] info: getPageMeta -> pages.json
[2024/01/21 21:27:00] info: getPageMeta -> pages.json
[2024/01/21 21:27:41] info: getPageMeta -> pages.json
[2024/01/21 21:27:41] info: getPageMeta -> pages.json
[2024/01/21 21:28:30] info: getPageMeta -> pages.json
[2024/01/21 21:28:30] info: getPageMeta -> pages.json
[2024/01/21 21:28:53] info: getPageMeta -> pages.json
[2024/01/21 21:28:53] info: getPageMeta -> pages.json
[2024/01/21 21:32:56] info: getPageMeta -> pages.json
[2024/01/21 21:32:56] info: getPageMeta -> pages.json
[2024/01/21 21:40:17] info: getPageMeta -> pages.json
[2024/01/21 21:40:17] info: getPageMeta -> pages.json
[2024/01/21 21:47:08] info: getPageMeta -> pages.json
[2024/01/21 21:47:08] info: getPageMeta -> pages.json
[2024/01/21 21:48:01] info: getPageMeta -> pages.json
[2024/01/21 21:48:01] info: getPageMeta -> pages.json
[2024/01/21 21:48:34] info: getPageMeta -> pages.json
[2024/01/21 21:48:39] info: getPageMeta -> pages.json
[2024/01/21 21:48:41] info: getPageMeta -> pages.json
[2024/01/21 21:48:43] info: getPageMeta -> pages.json
[2024/01/21 21:48:47] info: getPageMeta -> pages.json
[2024/01/21 21:48:52] info: getPageMeta -> pages.json
[2024/01/21 21:50:02] info: getPageMeta -> pages.json
[2024/01/21 21:50:02] info: getPageMeta -> pages.json
[2024/01/21 21:50:21] info: getPageMeta -> pages.json
[2024/01/21 21:50:21] info: getPageMeta -> pages.json
[2024/01/21 21:50:54] info: getPageMeta -> pages.json
[2024/01/21 21:50:54] info: getPageMeta -> pages.json
[2024/01/21 21:52:20] info: getPageMeta -> pages.json
[2024/01/21 21:52:20] info: getPageMeta -> pages.json
[2024/01/22 00:48:16] info: getPageMeta -> pages.json
[2024/01/22 00:48:16] info: getPageMeta -> pages.json
[2024/01/22 10:21:34] info: Service is listening on port 3005.
[2024/01/22 10:21:40] info: getPageMeta -> pages.json
[2024/01/22 10:21:40] info: getPageMeta -> pages.json
[2024/01/22 10:40:00] info: getPageMeta -> pages.json
[2024/01/22 10:40:00] info: getPageMeta -> pages.json
[2024/01/22 11:47:52] info: getPageMeta -> pages.json
[2024/01/22 11:47:52] info: getPageMeta -> pages.json
[2024/01/22 16:16:27] info: getPageMeta -> pages.json
[2024/01/22 16:16:27] info: getPageMeta -> pages.json
[2024/01/22 16:18:52] info: getPageMeta -> pages.json
[2024/01/22 16:18:52] info: getPageMeta -> pages.json
[2024/01/22 16:18:58] info: getPageMeta -> pages.json
[2024/01/22 16:18:58] info: getPageMeta -> pages.json
[2024/01/22 16:19:22] info: getPageMeta -> pages.json
[2024/01/22 16:19:22] info: getPageMeta -> pages.json
[2024/01/22 16:20:06] info: getPageMeta -> pages.json
[2024/01/22 16:20:06] info: getPageMeta -> pages.json
[2024/01/22 16:25:01] info: getPageMeta -> pages.json
[2024/01/22 16:25:01] info: getPageMeta -> pages.json
[2024/01/22 16:26:04] info: getPageMeta -> pages.json
[2024/01/22 16:26:04] info: getPageMeta -> pages.json
[2024/01/22 16:26:07] info: getPageMeta -> pages.json
[2024/01/22 20:46:44] info: getPageMeta -> pages.json
[2024/01/22 20:46:44] info: getPageMeta -> pages.json
[2024/01/22 21:06:09] info: getPageMeta -> pages.json
[2024/01/22 22:36:50] info: getPageMeta -> pages.json
[2024/01/22 22:36:50] info: getPageMeta -> pages.json
[2024/01/22 22:36:58] info: getPageMeta -> pages.json
[2024/01/22 22:37:02] info: getPageMeta -> pages.json
[2024/01/22 22:37:07] info: getPageMeta -> pages.json
[2024/01/23 03:27:01] info: getPageMeta -> pages.json
[2024/01/23 03:27:01] info: getPageMeta -> pages.json
[2024/01/23 11:11:46] info: getPageMeta -> pages.json
[2024/01/23 11:11:46] info: getPageMeta -> pages.json
[2024/01/23 11:49:29] info: getPageMeta -> pages.json
[2024/01/23 11:49:30] info: getPageMeta -> pages.json
[2024/01/23 11:51:13] info: getPageMeta -> pages.json
[2024/01/23 11:51:13] info: getPageMeta -> pages.json
[2024/01/23 11:51:22] info: getPageMeta -> pages.json
[2024/01/23 11:51:22] info: getPageMeta -> pages.json
[2024/01/23 11:51:39] info: getPageMeta -> pages.json
[2024/01/23 11:51:39] info: getPageMeta -> pages.json
[2024/01/23 21:40:23] info: getPageMeta -> pages.json
[2024/01/23 21:40:23] info: getPageMeta -> pages.json
[2024/01/23 22:21:07] info: Service is listening on port 3005.
[2024/01/23 22:22:14] info: Service is listening on port 3005.
[2024/01/23 22:24:36] info: Service is listening on port 3005.
[2024/01/23 22:27:19] info: Service is listening on port 3005.
[2024/01/23 22:29:53] info: Service is listening on port 3005.
[2024/01/23 22:31:51] info: Service is listening on port 3005.
[2024/01/23 22:36:33] info: Service is listening on port 3005.
[2024/01/23 22:38:46] info: Service is listening on port 3005.
[2024/01/23 22:49:56] info: Service is listening on port 3005.
[2024/01/23 23:02:22] info: Service is listening on port 3005.
[2024/01/23 23:03:57] info: Service is listening on port 3005.
[2024/01/23 23:05:04] info: Service is listening on port 3005.
[2024/01/23 23:09:18] info: Service is listening on port 3005.
[2024/01/23 23:15:10] info: Service is listening on port 3005.
[2024/01/23 23:17:28] info: Service is listening on port 3005.
[2024/01/23 23:28:41] info: Service is listening on port 3005.
[2024/01/23 23:30:49] info: Service is listening on port 3005.
[2024/01/23 23:32:57] info: Service is listening on port 3005.
[2024/01/23 23:55:45] info: Service is listening on port 3005.
[2024/01/23 23:56:34] info: Service is listening on port 3005.
[2024/01/23 23:58:03] info: Service is listening on port 3005.
[2024/01/24 13:59:50] info: getFile -> music.json
[2024/01/24 13:59:50] info: getFile -> music.json
[2024/01/24 15:18:06] info: getFile -> music.json
[2024/01/24 15:18:06] info: getFile -> music.json
[2024/01/24 22:17:03] info: Service is listening on port 3005.
[2024/01/24 22:17:06] info: getFile -> music.json
[2024/01/24 22:17:06] info: getFile -> music.json
[2024/01/24 22:22:48] info: Service is listening on port 3005.
[2024/01/24 22:35:09] info: getFilteredResources -> resources.json
[2024/01/24 22:35:09] info: getFilteredResources -> resources.json
[2024/01/24 22:35:20] info: getFile -> photos.json
[2024/01/24 22:35:20] info: getFile -> photos.json
[2024/01/24 22:35:47] info: getFile -> photos.json
[2024/01/24 22:35:47] info: getFile -> photos.json
[2024/01/25 13:56:53] info: Service is listening on port 3005.
[2024/01/25 16:54:01] info: Service is listening on port 3005.
[2024/01/25 17:04:43] info: getFile -> music.json
[2024/01/25 17:04:43] info: getFile -> music.json
[2024/01/26 19:07:49] info: Service is listening on port 3005.
[2024/01/28 20:53:46] info: Service is listening on port 3005.
[2024/01/28 20:54:39] info: getFile -> photos.json
[2024/01/28 20:54:39] info: getFile -> photos.json
[2024/01/28 20:56:23] info: getFile -> music.json
[2024/01/28 20:56:23] info: getFile -> music.json
[2024/01/29 22:11:34] info: Service is listening on port 3005.
